    1  ls
    2  cd /root
    3  ls
    4  cd server_lesson/
    5  ls
    6  git branch
    7  mkdir -p linux_practice1/public && cd linux_practice1/public && touch index.php
    8  ls
    9  cd ..
   10  pwd
   11  cd public/
   12  cp index.php index_bk.php
   13  ls
   14  cd ..
   15  cp -r public tmp
   16  ls
   17  cd tmp/
   18  rm index_bk.php
   19  ls
   20  cd ../..
   21  touch README.md
   22  git status
   23  ls
   24  rm first.txt 
   25  ls
   26  git status
   27  git add first.txt
   28  git status
   29  git add -u first.txt
   30  git status
   31  git log
   32  git add .
   33  git status
   34  git reset HEAD README.md
   35  git status
   36  git add .
   37  git status
   38  git commit -m 'add dir and files'
   39  git push origin main
   40  git config --global credential.helper cache
   41  git push origin main
   42  vi README.md
   43  vi ~/.vimrc
   44  vi README.md
   45  git status
   46  git add .
   47  git status
   48  git commit -m 'update write command list in README.md'
   49  git status
   50  git push origin main
   51  vi README.md
   52  git add .
   53  git commit -m 'escape processing for special characters'
   54  git status
   55  git push origin main
   56  mkdir -p linux_practice2/documents
   57  cd documents
   58  cd linux_practice2
   59  cd documents/
   60  echo {1..5}
   61  echo {01..50}
   62  echo gizumo{01..50}.md
   63  touch gizumo{01..50}.md
   64  ls
   65  cd ..
   66  mkdir trash
   67  ls
   68  ls
   69  ls documents/
   70  ls documents/gizumo[20-40].md
   71  ls documents/gizumo*[20-40].md
   72  ls
   73  ls documents/gizumo{20-40}.md
   74  ls documents/gizumo{20..40}.md
   75  mv documents/gizumo{20..40}.md trash/
   76  ls trash/
   77  touch .gitignore
   78  ls
   79  ls -a
   80  git status
   81  git status document
   82  git status -u
   83  vi .gitignore
   84  git status -u
   85  vi .gitignore
   86  git status -u
   87  vi .gitignore
   88  git status -u
   89  vi .gitignore
   90  git status -u
   91  history 300
   92  echo history 300 > exec_command.log
   93  ls
   94  cat exec_command.log 
   95  history 300 > exec_command.log
